<?xml version="1.0" encoding="UTF-8"?>
<!-- Generated by org.testng.reporters.JUnitReportReporter -->
<testsuite skipped="0" hostname="BLRDSPRASAD" name="com.hotelhub.powermode.tests.RegressionTest" tests="1" failures="0" timestamp="23 Apr 2019 12:10:36 GMT" time="72.345" errors="0">
  <testcase name="verificationOfSelectRateFunctionality" time="72.345" classname="com.hotelhub.powermode.tests.RegressionTest"/>
</testsuite> <!-- com.hotelhub.powermode.tests.RegressionTest -->
