<?xml version="1.0" encoding="UTF-8"?>
<!-- Generated by org.testng.reporters.JUnitReportReporter -->
<testsuite skipped="0" hostname="BLRDSPRASAD" name="com.hotelhub.powermode.tests.HotelBookingTest" tests="1" failures="0" timestamp="25 Apr 2019 08:37:14 GMT" time="80.529" errors="0">
  <testcase name="HHEbookingWithAutoBookFeature" time="80.529" classname="com.hotelhub.powermode.tests.HotelBookingTest"/>
</testsuite> <!-- com.hotelhub.powermode.tests.HotelBookingTest -->
