<?xml version="1.0" encoding="UTF-8"?>
<!-- Generated by org.testng.reporters.JUnitReportReporter -->
<testsuite skipped="0" hostname="BLRDSPRASAD" name="com.hotelhub.powermode.tests.RegressionTest" tests="1" failures="0" timestamp="29 Apr 2019 05:04:31 GMT" time="92.984" errors="0">
  <testcase name="cancelMyBookings" time="92.984" classname="com.hotelhub.powermode.tests.RegressionTest"/>
</testsuite> <!-- com.hotelhub.powermode.tests.RegressionTest -->
