<?xml version="1.0" encoding="UTF-8"?>
<!-- Generated by org.testng.reporters.JUnitReportReporter -->
<testsuite skipped="0" hostname="BLRDSPRASAD" name="com.hotelhub.powermode.tests.HotelBookingTest" tests="2" failures="0" timestamp="16 Apr 2019 05:20:18 GMT" time="174.233" errors="0">
  <testcase name="BCOMbookingByAddingNewVISACard" time="89.892" classname="com.hotelhub.powermode.tests.HotelBookingTest"/>
  <testcase name="HHEbookingByAddingNewAMEXCard" time="84.341" classname="com.hotelhub.powermode.tests.HotelBookingTest"/>
</testsuite> <!-- com.hotelhub.powermode.tests.HotelBookingTest -->
